2023-04-26 09:16:19,940 - simglucose.patient.t1dpatient - INFO - t = 424.0, patient starts eating ...
2023-04-26 09:16:20,115 - simglucose.patient.t1dpatient - INFO - t = 440.0, Patient finishes eating!
2023-04-26 09:16:20,776 - simglucose.patient.t1dpatient - INFO - t = 655.0, patient starts eating ...
2023-04-26 09:16:20,829 - simglucose.patient.t1dpatient - INFO - t = 660.0, Patient finishes eating!
2023-04-26 09:16:21,218 - simglucose.patient.t1dpatient - INFO - t = 776.0, patient starts eating ...
2023-04-26 09:16:21,291 - simglucose.patient.t1dpatient - INFO - t = 784.0, Patient finishes eating!
2023-04-26 09:16:22,269 - simglucose.patient.t1dpatient - INFO - t = 1107.0, patient starts eating ...
2023-04-26 09:16:22,398 - simglucose.patient.t1dpatient - INFO - t = 1119.0, Patient finishes eating!
2023-04-26 09:16:22,693 - simglucose.patient.t1dpatient - INFO - t = 1203.0, patient starts eating ...
2023-04-26 09:16:22,730 - simglucose.patient.t1dpatient - INFO - t = 1208.0, Patient finishes eating!
2023-04-26 09:16:38,395 - pyswarms.single.global_best - INFO - Optimize for 500 iters with {'c1': 0.5, 'c2': 0.3, 'w': 0.9}
2023-04-26 09:16:40,108 - pyswarms.single.global_best - INFO - Optimization finished | best cost: 10000000000.0, best pos: [0.29637475 0.93949177 0.90507793 0.80220251 0.95295039 0.7286275
 0.36090274 0.36150299 0.25488875 0.8673904 ]
2023-04-26 09:16:45,436 - simglucose.patient.t1dpatient - INFO - t = 424.0, patient starts eating ...
2023-04-26 09:16:45,592 - simglucose.patient.t1dpatient - INFO - t = 440.0, Patient finishes eating!
2023-04-26 09:16:46,229 - simglucose.patient.t1dpatient - INFO - t = 655.0, patient starts eating ...
2023-04-26 09:16:46,287 - simglucose.patient.t1dpatient - INFO - t = 660.0, Patient finishes eating!
2023-04-26 09:16:46,646 - simglucose.patient.t1dpatient - INFO - t = 776.0, patient starts eating ...
2023-04-26 09:16:46,713 - simglucose.patient.t1dpatient - INFO - t = 784.0, Patient finishes eating!
2023-04-26 09:16:47,578 - simglucose.patient.t1dpatient - INFO - t = 1107.0, patient starts eating ...
2023-04-26 09:16:47,689 - simglucose.patient.t1dpatient - INFO - t = 1119.0, Patient finishes eating!
2023-04-26 09:16:47,945 - simglucose.patient.t1dpatient - INFO - t = 1203.0, patient starts eating ...
2023-04-26 09:16:47,982 - simglucose.patient.t1dpatient - INFO - t = 1208.0, Patient finishes eating!
2023-04-26 09:17:24,740 - simglucose.patient.t1dpatient - INFO - t = 424.0, patient starts eating ...
2023-04-26 09:17:24,892 - simglucose.patient.t1dpatient - INFO - t = 440.0, Patient finishes eating!
2023-04-26 09:17:25,477 - simglucose.patient.t1dpatient - INFO - t = 655.0, patient starts eating ...
2023-04-26 09:17:25,521 - simglucose.patient.t1dpatient - INFO - t = 660.0, Patient finishes eating!
2023-04-26 09:17:25,897 - simglucose.patient.t1dpatient - INFO - t = 776.0, patient starts eating ...
2023-04-26 09:17:25,957 - simglucose.patient.t1dpatient - INFO - t = 784.0, Patient finishes eating!
2023-04-26 09:17:26,807 - simglucose.patient.t1dpatient - INFO - t = 1107.0, patient starts eating ...
2023-04-26 09:17:26,911 - simglucose.patient.t1dpatient - INFO - t = 1119.0, Patient finishes eating!
2023-04-26 09:17:27,151 - simglucose.patient.t1dpatient - INFO - t = 1203.0, patient starts eating ...
2023-04-26 09:17:27,198 - simglucose.patient.t1dpatient - INFO - t = 1208.0, Patient finishes eating!
2023-04-26 09:17:28,875 - simglucose.patient.t1dpatient - INFO - t = 1858.0, patient starts eating ...
2023-04-26 09:17:29,060 - simglucose.patient.t1dpatient - INFO - t = 1873.0, Patient finishes eating!
2023-04-26 09:17:29,583 - simglucose.patient.t1dpatient - INFO - t = 2068.0, patient starts eating ...
2023-04-26 09:17:29,648 - simglucose.patient.t1dpatient - INFO - t = 2076.0, Patient finishes eating!
2023-04-26 09:17:29,949 - simglucose.patient.t1dpatient - INFO - t = 2181.0, patient starts eating ...
2023-04-26 09:17:30,029 - simglucose.patient.t1dpatient - INFO - t = 2194.0, Patient finishes eating!
2023-04-26 09:17:30,924 - simglucose.patient.t1dpatient - INFO - t = 2525.0, patient starts eating ...
2023-04-26 09:17:31,066 - simglucose.patient.t1dpatient - INFO - t = 2545.0, Patient finishes eating!
2023-04-26 09:17:33,118 - simglucose.patient.t1dpatient - INFO - t = 3359.0, patient starts eating ...
2023-04-26 09:17:33,263 - simglucose.patient.t1dpatient - INFO - t = 3375.0, Patient finishes eating!
2023-04-26 09:17:33,476 - simglucose.patient.t1dpatient - INFO - t = 3441.0, patient starts eating ...
2023-04-26 09:17:33,518 - simglucose.patient.t1dpatient - INFO - t = 3448.0, Patient finishes eating!
2023-04-26 09:17:33,880 - simglucose.patient.t1dpatient - INFO - t = 3570.0, patient starts eating ...
2023-04-26 09:17:33,966 - simglucose.patient.t1dpatient - INFO - t = 3586.0, Patient finishes eating!
2023-04-26 09:17:34,522 - simglucose.patient.t1dpatient - INFO - t = 3789.0, patient starts eating ...
2023-04-26 09:17:34,552 - simglucose.patient.t1dpatient - INFO - t = 3792.0, Patient finishes eating!
2023-04-26 09:17:35,096 - simglucose.patient.t1dpatient - INFO - t = 3998.0, patient starts eating ...
2023-04-26 09:17:35,378 - simglucose.patient.t1dpatient - INFO - t = 4051.0, Patient finishes eating!
2023-04-26 09:17:36,325 - pyswarms.single.global_best - INFO - Optimize for 500 iters with {'c1': 0.5, 'c2': 0.3, 'w': 0.9}
2023-04-26 09:17:38,028 - pyswarms.single.global_best - INFO - Optimization finished | best cost: 10000000000.0, best pos: [0.49797834 0.67370343 0.75971313 0.59449921 0.36259819 0.41496321
 0.19343539 0.70925771 0.41444374 0.94261637]
2023-04-26 09:17:39,215 - simglucose.patient.t1dpatient - INFO - t = 424.0, patient starts eating ...
2023-04-26 09:17:39,392 - simglucose.patient.t1dpatient - INFO - t = 440.0, Patient finishes eating!
2023-04-26 09:17:40,047 - simglucose.patient.t1dpatient - INFO - t = 655.0, patient starts eating ...
2023-04-26 09:17:40,114 - simglucose.patient.t1dpatient - INFO - t = 660.0, Patient finishes eating!
2023-04-26 09:17:40,497 - simglucose.patient.t1dpatient - INFO - t = 776.0, patient starts eating ...
2023-04-26 09:17:40,580 - simglucose.patient.t1dpatient - INFO - t = 784.0, Patient finishes eating!
2023-04-26 09:17:41,494 - simglucose.patient.t1dpatient - INFO - t = 1107.0, patient starts eating ...
2023-04-26 09:17:41,613 - simglucose.patient.t1dpatient - INFO - t = 1119.0, Patient finishes eating!
2023-04-26 09:17:41,875 - simglucose.patient.t1dpatient - INFO - t = 1203.0, patient starts eating ...
2023-04-26 09:17:41,911 - simglucose.patient.t1dpatient - INFO - t = 1208.0, Patient finishes eating!
2023-04-26 09:17:43,600 - simglucose.patient.t1dpatient - INFO - t = 1858.0, patient starts eating ...
2023-04-26 09:17:43,756 - simglucose.patient.t1dpatient - INFO - t = 1873.0, Patient finishes eating!
2023-04-26 09:17:44,294 - simglucose.patient.t1dpatient - INFO - t = 2068.0, patient starts eating ...
2023-04-26 09:17:44,365 - simglucose.patient.t1dpatient - INFO - t = 2076.0, Patient finishes eating!
2023-04-26 09:17:44,671 - simglucose.patient.t1dpatient - INFO - t = 2181.0, patient starts eating ...
2023-04-26 09:17:44,759 - simglucose.patient.t1dpatient - INFO - t = 2194.0, Patient finishes eating!
2023-04-26 09:17:45,632 - simglucose.patient.t1dpatient - INFO - t = 2525.0, patient starts eating ...
2023-04-26 09:17:45,777 - simglucose.patient.t1dpatient - INFO - t = 2545.0, Patient finishes eating!
2023-04-26 09:17:47,899 - simglucose.patient.t1dpatient - INFO - t = 3359.0, patient starts eating ...
2023-04-26 09:17:48,051 - simglucose.patient.t1dpatient - INFO - t = 3375.0, Patient finishes eating!
2023-04-26 09:17:48,255 - simglucose.patient.t1dpatient - INFO - t = 3441.0, patient starts eating ...
2023-04-26 09:17:48,288 - simglucose.patient.t1dpatient - INFO - t = 3448.0, Patient finishes eating!
2023-04-26 09:17:48,629 - simglucose.patient.t1dpatient - INFO - t = 3570.0, patient starts eating ...
2023-04-26 09:17:48,720 - simglucose.patient.t1dpatient - INFO - t = 3586.0, Patient finishes eating!
2023-04-26 09:17:49,271 - simglucose.patient.t1dpatient - INFO - t = 3789.0, patient starts eating ...
2023-04-26 09:17:49,307 - simglucose.patient.t1dpatient - INFO - t = 3792.0, Patient finishes eating!
2023-04-26 09:17:49,884 - simglucose.patient.t1dpatient - INFO - t = 3998.0, patient starts eating ...
2023-04-26 09:17:50,180 - simglucose.patient.t1dpatient - INFO - t = 4051.0, Patient finishes eating!
2023-04-26 09:18:37,065 - simglucose.patient.t1dpatient - INFO - t = 424.0, patient starts eating ...
2023-04-26 09:18:37,240 - simglucose.patient.t1dpatient - INFO - t = 440.0, Patient finishes eating!
2023-04-26 09:18:37,923 - simglucose.patient.t1dpatient - INFO - t = 655.0, patient starts eating ...
2023-04-26 09:18:38,017 - simglucose.patient.t1dpatient - INFO - t = 660.0, Patient finishes eating!
2023-04-26 09:18:38,457 - simglucose.patient.t1dpatient - INFO - t = 776.0, patient starts eating ...
2023-04-26 09:18:38,551 - simglucose.patient.t1dpatient - INFO - t = 784.0, Patient finishes eating!
2023-04-26 09:18:39,500 - simglucose.patient.t1dpatient - INFO - t = 1107.0, patient starts eating ...
2023-04-26 09:18:39,649 - simglucose.patient.t1dpatient - INFO - t = 1119.0, Patient finishes eating!
2023-04-26 09:18:39,973 - simglucose.patient.t1dpatient - INFO - t = 1203.0, patient starts eating ...
2023-04-26 09:18:40,031 - simglucose.patient.t1dpatient - INFO - t = 1208.0, Patient finishes eating!
2023-04-26 09:18:41,937 - simglucose.patient.t1dpatient - INFO - t = 1858.0, patient starts eating ...
2023-04-26 09:18:42,119 - simglucose.patient.t1dpatient - INFO - t = 1873.0, Patient finishes eating!
2023-04-26 09:18:42,812 - simglucose.patient.t1dpatient - INFO - t = 2068.0, patient starts eating ...
2023-04-26 09:18:42,939 - simglucose.patient.t1dpatient - INFO - t = 2076.0, Patient finishes eating!
2023-04-26 09:18:43,400 - simglucose.patient.t1dpatient - INFO - t = 2181.0, patient starts eating ...
2023-04-26 09:18:43,539 - simglucose.patient.t1dpatient - INFO - t = 2194.0, Patient finishes eating!
2023-04-26 09:18:44,613 - simglucose.patient.t1dpatient - INFO - t = 2525.0, patient starts eating ...
2023-04-26 09:18:44,830 - simglucose.patient.t1dpatient - INFO - t = 2545.0, Patient finishes eating!
2023-04-26 09:18:47,307 - simglucose.patient.t1dpatient - INFO - t = 3359.0, patient starts eating ...
2023-04-26 09:18:47,497 - simglucose.patient.t1dpatient - INFO - t = 3375.0, Patient finishes eating!
2023-04-26 09:18:47,782 - simglucose.patient.t1dpatient - INFO - t = 3441.0, patient starts eating ...
2023-04-26 09:18:47,836 - simglucose.patient.t1dpatient - INFO - t = 3448.0, Patient finishes eating!
2023-04-26 09:18:48,313 - simglucose.patient.t1dpatient - INFO - t = 3570.0, patient starts eating ...
2023-04-26 09:18:48,467 - simglucose.patient.t1dpatient - INFO - t = 3586.0, Patient finishes eating!
2023-04-26 09:18:49,161 - simglucose.patient.t1dpatient - INFO - t = 3789.0, patient starts eating ...
2023-04-26 09:18:49,247 - simglucose.patient.t1dpatient - INFO - t = 3792.0, Patient finishes eating!
2023-04-26 09:18:49,967 - simglucose.patient.t1dpatient - INFO - t = 3998.0, patient starts eating ...
2023-04-26 09:18:50,384 - simglucose.patient.t1dpatient - INFO - t = 4051.0, Patient finishes eating!
2023-04-26 09:18:51,417 - pyswarms.single.global_best - INFO - Optimize for 500 iters with {'c1': 0.5, 'c2': 0.3, 'w': 0.9}
2023-04-26 09:18:53,096 - pyswarms.single.global_best - INFO - Optimization finished | best cost: 10000000000.0, best pos: [0.21056965 0.71948031 0.05636856 0.81304655 0.28263023 0.90680511
 0.0824836  0.81552264 0.19164445 0.77950252]
2023-04-26 09:18:54,417 - simglucose.patient.t1dpatient - INFO - t = 424.0, patient starts eating ...
2023-04-26 09:18:54,605 - simglucose.patient.t1dpatient - INFO - t = 440.0, Patient finishes eating!
2023-04-26 09:18:55,350 - simglucose.patient.t1dpatient - INFO - t = 655.0, patient starts eating ...
2023-04-26 09:18:55,448 - simglucose.patient.t1dpatient - INFO - t = 660.0, Patient finishes eating!
2023-04-26 09:18:55,916 - simglucose.patient.t1dpatient - INFO - t = 776.0, patient starts eating ...
2023-04-26 09:18:56,023 - simglucose.patient.t1dpatient - INFO - t = 784.0, Patient finishes eating!
2023-04-26 09:18:57,052 - simglucose.patient.t1dpatient - INFO - t = 1107.0, patient starts eating ...
2023-04-26 09:18:57,210 - simglucose.patient.t1dpatient - INFO - t = 1119.0, Patient finishes eating!
2023-04-26 09:18:57,566 - simglucose.patient.t1dpatient - INFO - t = 1203.0, patient starts eating ...
2023-04-26 09:18:57,653 - simglucose.patient.t1dpatient - INFO - t = 1208.0, Patient finishes eating!
2023-04-26 09:18:59,564 - simglucose.patient.t1dpatient - INFO - t = 1858.0, patient starts eating ...
2023-04-26 09:18:59,766 - simglucose.patient.t1dpatient - INFO - t = 1873.0, Patient finishes eating!
2023-04-26 09:19:00,374 - simglucose.patient.t1dpatient - INFO - t = 2068.0, patient starts eating ...
2023-04-26 09:19:00,492 - simglucose.patient.t1dpatient - INFO - t = 2076.0, Patient finishes eating!
2023-04-26 09:19:00,880 - simglucose.patient.t1dpatient - INFO - t = 2181.0, patient starts eating ...
2023-04-26 09:19:01,007 - simglucose.patient.t1dpatient - INFO - t = 2194.0, Patient finishes eating!
2023-04-26 09:19:01,999 - simglucose.patient.t1dpatient - INFO - t = 2525.0, patient starts eating ...
2023-04-26 09:19:02,198 - simglucose.patient.t1dpatient - INFO - t = 2545.0, Patient finishes eating!
2023-04-26 09:19:04,603 - simglucose.patient.t1dpatient - INFO - t = 3359.0, patient starts eating ...
2023-04-26 09:19:04,786 - simglucose.patient.t1dpatient - INFO - t = 3375.0, Patient finishes eating!
2023-04-26 09:19:05,094 - simglucose.patient.t1dpatient - INFO - t = 3441.0, patient starts eating ...
2023-04-26 09:19:05,175 - simglucose.patient.t1dpatient - INFO - t = 3448.0, Patient finishes eating!
2023-04-26 09:19:05,637 - simglucose.patient.t1dpatient - INFO - t = 3570.0, patient starts eating ...
2023-04-26 09:19:05,797 - simglucose.patient.t1dpatient - INFO - t = 3586.0, Patient finishes eating!
2023-04-26 09:19:06,464 - simglucose.patient.t1dpatient - INFO - t = 3789.0, patient starts eating ...
2023-04-26 09:19:06,547 - simglucose.patient.t1dpatient - INFO - t = 3792.0, Patient finishes eating!
2023-04-26 09:19:07,262 - simglucose.patient.t1dpatient - INFO - t = 3998.0, patient starts eating ...
2023-04-26 09:19:07,685 - simglucose.patient.t1dpatient - INFO - t = 4051.0, Patient finishes eating!
2023-04-26 09:25:17,181 - simglucose.patient.t1dpatient - INFO - t = 424.0, patient starts eating ...
2023-04-26 09:25:17,410 - simglucose.patient.t1dpatient - INFO - t = 440.0, Patient finishes eating!
2023-04-26 09:25:18,283 - simglucose.patient.t1dpatient - INFO - t = 655.0, patient starts eating ...
2023-04-26 09:25:18,398 - simglucose.patient.t1dpatient - INFO - t = 660.0, Patient finishes eating!
2023-04-26 09:25:18,962 - simglucose.patient.t1dpatient - INFO - t = 776.0, patient starts eating ...
2023-04-26 09:25:19,100 - simglucose.patient.t1dpatient - INFO - t = 784.0, Patient finishes eating!
2023-04-26 09:25:20,274 - simglucose.patient.t1dpatient - INFO - t = 1107.0, patient starts eating ...
2023-04-26 09:25:20,466 - simglucose.patient.t1dpatient - INFO - t = 1119.0, Patient finishes eating!
2023-04-26 09:25:20,945 - simglucose.patient.t1dpatient - INFO - t = 1203.0, patient starts eating ...
2023-04-26 09:25:21,040 - simglucose.patient.t1dpatient - INFO - t = 1208.0, Patient finishes eating!
2023-04-26 09:25:23,037 - simglucose.patient.t1dpatient - INFO - t = 1858.0, patient starts eating ...
2023-04-26 09:25:23,258 - simglucose.patient.t1dpatient - INFO - t = 1873.0, Patient finishes eating!
2023-04-26 09:25:24,073 - simglucose.patient.t1dpatient - INFO - t = 2068.0, patient starts eating ...
2023-04-26 09:25:24,254 - simglucose.patient.t1dpatient - INFO - t = 2076.0, Patient finishes eating!
2023-04-26 09:25:24,829 - simglucose.patient.t1dpatient - INFO - t = 2181.0, patient starts eating ...
2023-04-26 09:25:25,049 - simglucose.patient.t1dpatient - INFO - t = 2194.0, Patient finishes eating!
2023-04-26 09:25:26,273 - simglucose.patient.t1dpatient - INFO - t = 2525.0, patient starts eating ...
2023-04-26 09:25:26,547 - simglucose.patient.t1dpatient - INFO - t = 2545.0, Patient finishes eating!
2023-04-26 09:25:28,919 - simglucose.patient.t1dpatient - INFO - t = 3359.0, patient starts eating ...
2023-04-26 09:25:29,146 - simglucose.patient.t1dpatient - INFO - t = 3375.0, Patient finishes eating!
2023-04-26 09:25:29,495 - simglucose.patient.t1dpatient - INFO - t = 3441.0, patient starts eating ...
2023-04-26 09:25:29,605 - simglucose.patient.t1dpatient - INFO - t = 3448.0, Patient finishes eating!
2023-04-26 09:25:30,200 - simglucose.patient.t1dpatient - INFO - t = 3570.0, patient starts eating ...
2023-04-26 09:25:30,431 - simglucose.patient.t1dpatient - INFO - t = 3586.0, Patient finishes eating!
2023-04-26 09:25:31,402 - simglucose.patient.t1dpatient - INFO - t = 3789.0, patient starts eating ...
2023-04-26 09:25:31,505 - simglucose.patient.t1dpatient - INFO - t = 3792.0, Patient finishes eating!
2023-04-26 09:25:32,477 - simglucose.patient.t1dpatient - INFO - t = 3998.0, patient starts eating ...
2023-04-26 09:25:33,029 - simglucose.patient.t1dpatient - INFO - t = 4051.0, Patient finishes eating!
2023-04-26 09:25:35,504 - simglucose.patient.t1dpatient - INFO - t = 424.0, patient starts eating ...
2023-04-26 09:25:35,758 - simglucose.patient.t1dpatient - INFO - t = 440.0, Patient finishes eating!
2023-04-26 09:25:36,740 - simglucose.patient.t1dpatient - INFO - t = 655.0, patient starts eating ...
2023-04-26 09:25:36,867 - simglucose.patient.t1dpatient - INFO - t = 660.0, Patient finishes eating!
2023-04-26 09:25:37,502 - simglucose.patient.t1dpatient - INFO - t = 776.0, patient starts eating ...
2023-04-26 09:25:37,655 - simglucose.patient.t1dpatient - INFO - t = 784.0, Patient finishes eating!
2023-04-26 09:25:38,933 - simglucose.patient.t1dpatient - INFO - t = 1107.0, patient starts eating ...
2023-04-26 09:25:39,141 - simglucose.patient.t1dpatient - INFO - t = 1119.0, Patient finishes eating!
2023-04-26 09:25:39,620 - simglucose.patient.t1dpatient - INFO - t = 1203.0, patient starts eating ...
2023-04-26 09:25:39,724 - simglucose.patient.t1dpatient - INFO - t = 1208.0, Patient finishes eating!
2023-04-26 09:25:41,930 - simglucose.patient.t1dpatient - INFO - t = 1858.0, patient starts eating ...
2023-04-26 09:25:42,178 - simglucose.patient.t1dpatient - INFO - t = 1873.0, Patient finishes eating!
2023-04-26 09:25:43,104 - simglucose.patient.t1dpatient - INFO - t = 2068.0, patient starts eating ...
2023-04-26 09:25:43,269 - simglucose.patient.t1dpatient - INFO - t = 2076.0, Patient finishes eating!
2023-04-26 09:25:43,844 - simglucose.patient.t1dpatient - INFO - t = 2181.0, patient starts eating ...
2023-04-26 09:25:44,052 - simglucose.patient.t1dpatient - INFO - t = 2194.0, Patient finishes eating!
2023-04-26 09:25:45,362 - simglucose.patient.t1dpatient - INFO - t = 2525.0, patient starts eating ...
2023-04-26 09:25:45,656 - simglucose.patient.t1dpatient - INFO - t = 2545.0, Patient finishes eating!
2023-04-26 09:25:48,264 - simglucose.patient.t1dpatient - INFO - t = 3359.0, patient starts eating ...
2023-04-26 09:25:48,513 - simglucose.patient.t1dpatient - INFO - t = 3375.0, Patient finishes eating!
2023-04-26 09:25:48,901 - simglucose.patient.t1dpatient - INFO - t = 3441.0, patient starts eating ...
2023-04-26 09:25:49,023 - simglucose.patient.t1dpatient - INFO - t = 3448.0, Patient finishes eating!
2023-04-26 09:25:49,657 - simglucose.patient.t1dpatient - INFO - t = 3570.0, patient starts eating ...
2023-04-26 09:25:49,878 - simglucose.patient.t1dpatient - INFO - t = 3586.0, Patient finishes eating!
2023-04-26 09:25:50,716 - simglucose.patient.t1dpatient - INFO - t = 3789.0, patient starts eating ...
2023-04-26 09:25:50,814 - simglucose.patient.t1dpatient - INFO - t = 3792.0, Patient finishes eating!
2023-04-26 09:25:51,666 - simglucose.patient.t1dpatient - INFO - t = 3998.0, patient starts eating ...
2023-04-26 09:25:52,153 - simglucose.patient.t1dpatient - INFO - t = 4051.0, Patient finishes eating!
2023-04-26 09:25:54,129 - simglucose.patient.t1dpatient - INFO - t = 424.0, patient starts eating ...
2023-04-26 09:25:54,418 - simglucose.patient.t1dpatient - INFO - t = 440.0, Patient finishes eating!
2023-04-26 09:25:55,378 - simglucose.patient.t1dpatient - INFO - t = 655.0, patient starts eating ...
2023-04-26 09:25:55,504 - simglucose.patient.t1dpatient - INFO - t = 660.0, Patient finishes eating!
2023-04-26 09:25:56,134 - simglucose.patient.t1dpatient - INFO - t = 776.0, patient starts eating ...
2023-04-26 09:25:56,285 - simglucose.patient.t1dpatient - INFO - t = 784.0, Patient finishes eating!
2023-04-26 09:25:57,486 - simglucose.patient.t1dpatient - INFO - t = 1107.0, patient starts eating ...
2023-04-26 09:25:57,672 - simglucose.patient.t1dpatient - INFO - t = 1119.0, Patient finishes eating!
2023-04-26 09:25:58,092 - simglucose.patient.t1dpatient - INFO - t = 1203.0, patient starts eating ...
2023-04-26 09:25:58,186 - simglucose.patient.t1dpatient - INFO - t = 1208.0, Patient finishes eating!
2023-04-26 09:26:00,194 - simglucose.patient.t1dpatient - INFO - t = 1858.0, patient starts eating ...
2023-04-26 09:26:00,414 - simglucose.patient.t1dpatient - INFO - t = 1873.0, Patient finishes eating!
2023-04-26 09:26:01,275 - simglucose.patient.t1dpatient - INFO - t = 2068.0, patient starts eating ...
2023-04-26 09:26:01,423 - simglucose.patient.t1dpatient - INFO - t = 2076.0, Patient finishes eating!
2023-04-26 09:26:01,982 - simglucose.patient.t1dpatient - INFO - t = 2181.0, patient starts eating ...
2023-04-26 09:26:02,192 - simglucose.patient.t1dpatient - INFO - t = 2194.0, Patient finishes eating!
2023-04-26 09:26:03,379 - simglucose.patient.t1dpatient - INFO - t = 2525.0, patient starts eating ...
2023-04-26 09:26:03,649 - simglucose.patient.t1dpatient - INFO - t = 2545.0, Patient finishes eating!
2023-04-26 09:26:06,025 - simglucose.patient.t1dpatient - INFO - t = 3359.0, patient starts eating ...
2023-04-26 09:26:06,257 - simglucose.patient.t1dpatient - INFO - t = 3375.0, Patient finishes eating!
2023-04-26 09:26:06,605 - simglucose.patient.t1dpatient - INFO - t = 3441.0, patient starts eating ...
2023-04-26 09:26:06,715 - simglucose.patient.t1dpatient - INFO - t = 3448.0, Patient finishes eating!
2023-04-26 09:26:07,306 - simglucose.patient.t1dpatient - INFO - t = 3570.0, patient starts eating ...
2023-04-26 09:26:07,525 - simglucose.patient.t1dpatient - INFO - t = 3586.0, Patient finishes eating!
2023-04-26 09:26:08,359 - simglucose.patient.t1dpatient - INFO - t = 3789.0, patient starts eating ...
2023-04-26 09:26:08,452 - simglucose.patient.t1dpatient - INFO - t = 3792.0, Patient finishes eating!
2023-04-26 09:26:09,305 - simglucose.patient.t1dpatient - INFO - t = 3998.0, patient starts eating ...
2023-04-26 09:26:09,801 - simglucose.patient.t1dpatient - INFO - t = 4051.0, Patient finishes eating!
2023-04-26 09:26:10,870 - pyswarms.single.global_best - INFO - Optimize for 500 iters with {'c1': 0.5, 'c2': 0.3, 'w': 0.9}
2023-04-26 09:26:12,669 - pyswarms.single.global_best - INFO - Optimization finished | best cost: 10000000000.0, best pos: [0.04377546 0.40304342 0.67255333 0.14847421 0.991384   0.19136618
 0.47115627 0.5362529  0.14025341 0.17706337]
2023-04-26 09:26:13,888 - simglucose.patient.t1dpatient - INFO - t = 424.0, patient starts eating ...
2023-04-26 09:26:14,108 - simglucose.patient.t1dpatient - INFO - t = 440.0, Patient finishes eating!
2023-04-26 09:26:14,922 - simglucose.patient.t1dpatient - INFO - t = 655.0, patient starts eating ...
2023-04-26 09:26:15,031 - simglucose.patient.t1dpatient - INFO - t = 660.0, Patient finishes eating!
2023-04-26 09:26:15,601 - simglucose.patient.t1dpatient - INFO - t = 776.0, patient starts eating ...
2023-04-26 09:26:15,746 - simglucose.patient.t1dpatient - INFO - t = 784.0, Patient finishes eating!
2023-04-26 09:26:16,874 - simglucose.patient.t1dpatient - INFO - t = 1107.0, patient starts eating ...
2023-04-26 09:26:17,053 - simglucose.patient.t1dpatient - INFO - t = 1119.0, Patient finishes eating!
2023-04-26 09:26:17,516 - simglucose.patient.t1dpatient - INFO - t = 1203.0, patient starts eating ...
2023-04-26 09:26:17,631 - simglucose.patient.t1dpatient - INFO - t = 1208.0, Patient finishes eating!
2023-04-26 09:26:19,502 - simglucose.patient.t1dpatient - INFO - t = 1858.0, patient starts eating ...
2023-04-26 09:26:19,714 - simglucose.patient.t1dpatient - INFO - t = 1873.0, Patient finishes eating!
2023-04-26 09:26:20,584 - simglucose.patient.t1dpatient - INFO - t = 2068.0, patient starts eating ...
2023-04-26 09:26:20,742 - simglucose.patient.t1dpatient - INFO - t = 2076.0, Patient finishes eating!
2023-04-26 09:26:21,312 - simglucose.patient.t1dpatient - INFO - t = 2181.0, patient starts eating ...
2023-04-26 09:26:21,531 - simglucose.patient.t1dpatient - INFO - t = 2194.0, Patient finishes eating!
2023-04-26 09:26:22,619 - simglucose.patient.t1dpatient - INFO - t = 2525.0, patient starts eating ...
2023-04-26 09:26:22,870 - simglucose.patient.t1dpatient - INFO - t = 2545.0, Patient finishes eating!
2023-04-26 09:26:25,188 - simglucose.patient.t1dpatient - INFO - t = 3359.0, patient starts eating ...
2023-04-26 09:26:25,412 - simglucose.patient.t1dpatient - INFO - t = 3375.0, Patient finishes eating!
2023-04-26 09:26:25,789 - simglucose.patient.t1dpatient - INFO - t = 3441.0, patient starts eating ...
2023-04-26 09:26:25,928 - simglucose.patient.t1dpatient - INFO - t = 3448.0, Patient finishes eating!
2023-04-26 09:26:26,610 - simglucose.patient.t1dpatient - INFO - t = 3570.0, patient starts eating ...
2023-04-26 09:26:26,830 - simglucose.patient.t1dpatient - INFO - t = 3586.0, Patient finishes eating!
2023-04-26 09:26:27,604 - simglucose.patient.t1dpatient - INFO - t = 3789.0, patient starts eating ...
2023-04-26 09:26:27,695 - simglucose.patient.t1dpatient - INFO - t = 3792.0, Patient finishes eating!
2023-04-26 09:26:28,484 - simglucose.patient.t1dpatient - INFO - t = 3998.0, patient starts eating ...
2023-04-26 09:26:28,915 - simglucose.patient.t1dpatient - INFO - t = 4051.0, Patient finishes eating!
2023-04-26 09:26:31,135 - simglucose.patient.t1dpatient - INFO - t = 424.0, patient starts eating ...
2023-04-26 09:26:31,369 - simglucose.patient.t1dpatient - INFO - t = 440.0, Patient finishes eating!
2023-04-26 09:26:32,371 - simglucose.patient.t1dpatient - INFO - t = 655.0, patient starts eating ...
2023-04-26 09:26:32,490 - simglucose.patient.t1dpatient - INFO - t = 660.0, Patient finishes eating!
2023-04-26 09:26:33,057 - simglucose.patient.t1dpatient - INFO - t = 776.0, patient starts eating ...
2023-04-26 09:26:33,213 - simglucose.patient.t1dpatient - INFO - t = 784.0, Patient finishes eating!
2023-04-26 09:26:34,406 - simglucose.patient.t1dpatient - INFO - t = 1107.0, patient starts eating ...
2023-04-26 09:26:34,601 - simglucose.patient.t1dpatient - INFO - t = 1119.0, Patient finishes eating!
2023-04-26 09:26:35,110 - simglucose.patient.t1dpatient - INFO - t = 1203.0, patient starts eating ...
2023-04-26 09:26:35,222 - simglucose.patient.t1dpatient - INFO - t = 1208.0, Patient finishes eating!
2023-04-26 09:26:37,232 - simglucose.patient.t1dpatient - INFO - t = 1858.0, patient starts eating ...
2023-04-26 09:26:37,498 - simglucose.patient.t1dpatient - INFO - t = 1873.0, Patient finishes eating!
2023-04-26 09:26:38,358 - simglucose.patient.t1dpatient - INFO - t = 2068.0, patient starts eating ...
2023-04-26 09:26:38,511 - simglucose.patient.t1dpatient - INFO - t = 2076.0, Patient finishes eating!
2023-04-26 09:26:39,134 - simglucose.patient.t1dpatient - INFO - t = 2181.0, patient starts eating ...
2023-04-26 09:26:39,347 - simglucose.patient.t1dpatient - INFO - t = 2194.0, Patient finishes eating!
2023-04-26 09:26:40,723 - simglucose.patient.t1dpatient - INFO - t = 2525.0, patient starts eating ...
2023-04-26 09:26:40,998 - simglucose.patient.t1dpatient - INFO - t = 2545.0, Patient finishes eating!
2023-04-26 09:26:43,657 - simglucose.patient.t1dpatient - INFO - t = 3359.0, patient starts eating ...
2023-04-26 09:26:43,924 - simglucose.patient.t1dpatient - INFO - t = 3375.0, Patient finishes eating!
2023-04-26 09:26:44,316 - simglucose.patient.t1dpatient - INFO - t = 3441.0, patient starts eating ...
2023-04-26 09:26:44,444 - simglucose.patient.t1dpatient - INFO - t = 3448.0, Patient finishes eating!
2023-04-26 09:26:45,088 - simglucose.patient.t1dpatient - INFO - t = 3570.0, patient starts eating ...
2023-04-26 09:26:45,350 - simglucose.patient.t1dpatient - INFO - t = 3586.0, Patient finishes eating!
2023-04-26 09:26:46,187 - simglucose.patient.t1dpatient - INFO - t = 3789.0, patient starts eating ...
2023-04-26 09:26:46,280 - simglucose.patient.t1dpatient - INFO - t = 3792.0, Patient finishes eating!
2023-04-26 09:26:47,183 - simglucose.patient.t1dpatient - INFO - t = 3998.0, patient starts eating ...
2023-04-26 09:26:47,670 - simglucose.patient.t1dpatient - INFO - t = 4051.0, Patient finishes eating!
2023-04-26 09:26:49,701 - simglucose.patient.t1dpatient - INFO - t = 424.0, patient starts eating ...
2023-04-26 09:26:49,924 - simglucose.patient.t1dpatient - INFO - t = 440.0, Patient finishes eating!
2023-04-26 09:26:50,793 - simglucose.patient.t1dpatient - INFO - t = 655.0, patient starts eating ...
2023-04-26 09:26:50,909 - simglucose.patient.t1dpatient - INFO - t = 660.0, Patient finishes eating!
2023-04-26 09:26:51,550 - simglucose.patient.t1dpatient - INFO - t = 776.0, patient starts eating ...
2023-04-26 09:26:51,693 - simglucose.patient.t1dpatient - INFO - t = 784.0, Patient finishes eating!
2023-04-26 09:26:52,856 - simglucose.patient.t1dpatient - INFO - t = 1107.0, patient starts eating ...
2023-04-26 09:26:53,045 - simglucose.patient.t1dpatient - INFO - t = 1119.0, Patient finishes eating!
2023-04-26 09:26:53,469 - simglucose.patient.t1dpatient - INFO - t = 1203.0, patient starts eating ...
2023-04-26 09:26:53,562 - simglucose.patient.t1dpatient - INFO - t = 1208.0, Patient finishes eating!
2023-04-26 09:26:55,581 - simglucose.patient.t1dpatient - INFO - t = 1858.0, patient starts eating ...
2023-04-26 09:26:55,804 - simglucose.patient.t1dpatient - INFO - t = 1873.0, Patient finishes eating!
2023-04-26 09:26:56,620 - simglucose.patient.t1dpatient - INFO - t = 2068.0, patient starts eating ...
2023-04-26 09:26:56,772 - simglucose.patient.t1dpatient - INFO - t = 2076.0, Patient finishes eating!
2023-04-26 09:26:57,293 - simglucose.patient.t1dpatient - INFO - t = 2181.0, patient starts eating ...
2023-04-26 09:26:57,484 - simglucose.patient.t1dpatient - INFO - t = 2194.0, Patient finishes eating!
2023-04-26 09:26:58,636 - simglucose.patient.t1dpatient - INFO - t = 2525.0, patient starts eating ...
2023-04-26 09:26:58,896 - simglucose.patient.t1dpatient - INFO - t = 2545.0, Patient finishes eating!
2023-04-26 09:27:01,526 - simglucose.patient.t1dpatient - INFO - t = 3359.0, patient starts eating ...
2023-04-26 09:27:01,758 - simglucose.patient.t1dpatient - INFO - t = 3375.0, Patient finishes eating!
2023-04-26 09:27:02,141 - simglucose.patient.t1dpatient - INFO - t = 3441.0, patient starts eating ...
2023-04-26 09:27:02,264 - simglucose.patient.t1dpatient - INFO - t = 3448.0, Patient finishes eating!
2023-04-26 09:27:02,906 - simglucose.patient.t1dpatient - INFO - t = 3570.0, patient starts eating ...
2023-04-26 09:27:03,134 - simglucose.patient.t1dpatient - INFO - t = 3586.0, Patient finishes eating!
2023-04-26 09:27:03,989 - simglucose.patient.t1dpatient - INFO - t = 3789.0, patient starts eating ...
2023-04-26 09:27:04,085 - simglucose.patient.t1dpatient - INFO - t = 3792.0, Patient finishes eating!
2023-04-26 09:27:05,043 - simglucose.patient.t1dpatient - INFO - t = 3998.0, patient starts eating ...
2023-04-26 09:27:05,606 - simglucose.patient.t1dpatient - INFO - t = 4051.0, Patient finishes eating!
2023-04-26 09:28:37,870 - pyswarms.single.global_best - INFO - Optimize for 500 iters with {'c1': 0.5, 'c2': 0.3, 'w': 0.9}
2023-04-26 09:28:39,578 - pyswarms.single.global_best - INFO - Optimization finished | best cost: 10000000000.0, best pos: [0.26983939 0.22711805 0.39721816 0.34324821 0.08985762 0.02386744
 0.25264108 0.51989996 0.69982798 0.03847759]
2023-04-26 09:28:40,732 - simglucose.patient.t1dpatient - INFO - t = 424.0, patient starts eating ...
2023-04-26 09:28:40,992 - simglucose.patient.t1dpatient - INFO - t = 440.0, Patient finishes eating!
2023-04-26 09:28:41,870 - simglucose.patient.t1dpatient - INFO - t = 655.0, patient starts eating ...
2023-04-26 09:28:41,990 - simglucose.patient.t1dpatient - INFO - t = 660.0, Patient finishes eating!
2023-04-26 09:28:42,584 - simglucose.patient.t1dpatient - INFO - t = 776.0, patient starts eating ...
2023-04-26 09:28:42,751 - simglucose.patient.t1dpatient - INFO - t = 784.0, Patient finishes eating!
2023-04-26 09:28:43,871 - simglucose.patient.t1dpatient - INFO - t = 1107.0, patient starts eating ...
2023-04-26 09:28:44,091 - simglucose.patient.t1dpatient - INFO - t = 1119.0, Patient finishes eating!
2023-04-26 09:28:44,602 - simglucose.patient.t1dpatient - INFO - t = 1203.0, patient starts eating ...
2023-04-26 09:28:44,726 - simglucose.patient.t1dpatient - INFO - t = 1208.0, Patient finishes eating!
2023-04-26 09:28:46,859 - simglucose.patient.t1dpatient - INFO - t = 1858.0, patient starts eating ...
2023-04-26 09:28:47,133 - simglucose.patient.t1dpatient - INFO - t = 1873.0, Patient finishes eating!
2023-04-26 09:28:48,006 - simglucose.patient.t1dpatient - INFO - t = 2068.0, patient starts eating ...
2023-04-26 09:28:48,215 - simglucose.patient.t1dpatient - INFO - t = 2076.0, Patient finishes eating!
2023-04-26 09:28:48,826 - simglucose.patient.t1dpatient - INFO - t = 2181.0, patient starts eating ...
2023-04-26 09:28:49,045 - simglucose.patient.t1dpatient - INFO - t = 2194.0, Patient finishes eating!
2023-04-26 09:28:50,196 - simglucose.patient.t1dpatient - INFO - t = 2525.0, patient starts eating ...
2023-04-26 09:28:50,562 - simglucose.patient.t1dpatient - INFO - t = 2545.0, Patient finishes eating!
2023-04-26 09:28:53,103 - simglucose.patient.t1dpatient - INFO - t = 3359.0, patient starts eating ...
2023-04-26 09:28:53,395 - simglucose.patient.t1dpatient - INFO - t = 3375.0, Patient finishes eating!
2023-04-26 09:28:53,793 - simglucose.patient.t1dpatient - INFO - t = 3441.0, patient starts eating ...
2023-04-26 09:28:53,930 - simglucose.patient.t1dpatient - INFO - t = 3448.0, Patient finishes eating!
2023-04-26 09:28:54,539 - simglucose.patient.t1dpatient - INFO - t = 3570.0, patient starts eating ...
2023-04-26 09:28:54,797 - simglucose.patient.t1dpatient - INFO - t = 3586.0, Patient finishes eating!
2023-04-26 09:28:55,656 - simglucose.patient.t1dpatient - INFO - t = 3789.0, patient starts eating ...
2023-04-26 09:28:55,759 - simglucose.patient.t1dpatient - INFO - t = 3792.0, Patient finishes eating!
2023-04-26 09:28:56,599 - simglucose.patient.t1dpatient - INFO - t = 3998.0, patient starts eating ...
2023-04-26 09:28:57,114 - simglucose.patient.t1dpatient - INFO - t = 4051.0, Patient finishes eating!
2023-04-26 09:28:59,346 - simglucose.patient.t1dpatient - INFO - t = 424.0, patient starts eating ...
2023-04-26 09:28:59,608 - simglucose.patient.t1dpatient - INFO - t = 440.0, Patient finishes eating!
2023-04-26 09:29:00,470 - simglucose.patient.t1dpatient - INFO - t = 655.0, patient starts eating ...
2023-04-26 09:29:00,583 - simglucose.patient.t1dpatient - INFO - t = 660.0, Patient finishes eating!
2023-04-26 09:29:01,143 - simglucose.patient.t1dpatient - INFO - t = 776.0, patient starts eating ...
2023-04-26 09:29:01,280 - simglucose.patient.t1dpatient - INFO - t = 784.0, Patient finishes eating!
2023-04-26 09:29:02,418 - simglucose.patient.t1dpatient - INFO - t = 1107.0, patient starts eating ...
2023-04-26 09:29:02,602 - simglucose.patient.t1dpatient - INFO - t = 1119.0, Patient finishes eating!
2023-04-26 09:29:03,026 - simglucose.patient.t1dpatient - INFO - t = 1203.0, patient starts eating ...
2023-04-26 09:29:03,119 - simglucose.patient.t1dpatient - INFO - t = 1208.0, Patient finishes eating!
2023-04-26 09:29:05,224 - simglucose.patient.t1dpatient - INFO - t = 1858.0, patient starts eating ...
2023-04-26 09:29:05,441 - simglucose.patient.t1dpatient - INFO - t = 1873.0, Patient finishes eating!
2023-04-26 09:29:06,274 - simglucose.patient.t1dpatient - INFO - t = 2068.0, patient starts eating ...
2023-04-26 09:29:06,420 - simglucose.patient.t1dpatient - INFO - t = 2076.0, Patient finishes eating!
2023-04-26 09:29:06,934 - simglucose.patient.t1dpatient - INFO - t = 2181.0, patient starts eating ...
2023-04-26 09:29:07,124 - simglucose.patient.t1dpatient - INFO - t = 2194.0, Patient finishes eating!
2023-04-26 09:29:08,300 - simglucose.patient.t1dpatient - INFO - t = 2525.0, patient starts eating ...
2023-04-26 09:29:08,562 - simglucose.patient.t1dpatient - INFO - t = 2545.0, Patient finishes eating!
2023-04-26 09:29:10,885 - simglucose.patient.t1dpatient - INFO - t = 3359.0, patient starts eating ...
2023-04-26 09:29:11,148 - simglucose.patient.t1dpatient - INFO - t = 3375.0, Patient finishes eating!
2023-04-26 09:29:11,499 - simglucose.patient.t1dpatient - INFO - t = 3441.0, patient starts eating ...
2023-04-26 09:29:11,610 - simglucose.patient.t1dpatient - INFO - t = 3448.0, Patient finishes eating!
2023-04-26 09:29:12,199 - simglucose.patient.t1dpatient - INFO - t = 3570.0, patient starts eating ...
2023-04-26 09:29:12,422 - simglucose.patient.t1dpatient - INFO - t = 3586.0, Patient finishes eating!
2023-04-26 09:29:13,253 - simglucose.patient.t1dpatient - INFO - t = 3789.0, patient starts eating ...
2023-04-26 09:29:13,345 - simglucose.patient.t1dpatient - INFO - t = 3792.0, Patient finishes eating!
2023-04-26 09:29:14,200 - simglucose.patient.t1dpatient - INFO - t = 3998.0, patient starts eating ...
2023-04-26 09:29:14,725 - simglucose.patient.t1dpatient - INFO - t = 4051.0, Patient finishes eating!
2023-04-26 09:29:16,909 - simglucose.patient.t1dpatient - INFO - t = 424.0, patient starts eating ...
2023-04-26 09:29:17,133 - simglucose.patient.t1dpatient - INFO - t = 440.0, Patient finishes eating!
2023-04-26 09:29:18,045 - simglucose.patient.t1dpatient - INFO - t = 655.0, patient starts eating ...
2023-04-26 09:29:18,160 - simglucose.patient.t1dpatient - INFO - t = 660.0, Patient finishes eating!
2023-04-26 09:29:18,722 - simglucose.patient.t1dpatient - INFO - t = 776.0, patient starts eating ...
2023-04-26 09:29:18,859 - simglucose.patient.t1dpatient - INFO - t = 784.0, Patient finishes eating!
2023-04-26 09:29:20,040 - simglucose.patient.t1dpatient - INFO - t = 1107.0, patient starts eating ...
2023-04-26 09:29:20,227 - simglucose.patient.t1dpatient - INFO - t = 1119.0, Patient finishes eating!
2023-04-26 09:29:20,649 - simglucose.patient.t1dpatient - INFO - t = 1203.0, patient starts eating ...
2023-04-26 09:29:20,743 - simglucose.patient.t1dpatient - INFO - t = 1208.0, Patient finishes eating!
2023-04-26 09:29:22,934 - simglucose.patient.t1dpatient - INFO - t = 1858.0, patient starts eating ...
2023-04-26 09:29:23,161 - simglucose.patient.t1dpatient - INFO - t = 1873.0, Patient finishes eating!
2023-04-26 09:29:23,996 - simglucose.patient.t1dpatient - INFO - t = 2068.0, patient starts eating ...
2023-04-26 09:29:24,143 - simglucose.patient.t1dpatient - INFO - t = 2076.0, Patient finishes eating!
2023-04-26 09:29:24,805 - simglucose.patient.t1dpatient - INFO - t = 2181.0, patient starts eating ...
2023-04-26 09:29:24,997 - simglucose.patient.t1dpatient - INFO - t = 2194.0, Patient finishes eating!
2023-04-26 09:29:26,183 - simglucose.patient.t1dpatient - INFO - t = 2525.0, patient starts eating ...
2023-04-26 09:29:26,442 - simglucose.patient.t1dpatient - INFO - t = 2545.0, Patient finishes eating!
2023-04-26 09:29:28,773 - simglucose.patient.t1dpatient - INFO - t = 3359.0, patient starts eating ...
2023-04-26 09:29:29,056 - simglucose.patient.t1dpatient - INFO - t = 3375.0, Patient finishes eating!
2023-04-26 09:29:29,431 - simglucose.patient.t1dpatient - INFO - t = 3441.0, patient starts eating ...
2023-04-26 09:29:29,543 - simglucose.patient.t1dpatient - INFO - t = 3448.0, Patient finishes eating!
2023-04-26 09:29:30,193 - simglucose.patient.t1dpatient - INFO - t = 3570.0, patient starts eating ...
2023-04-26 09:29:30,414 - simglucose.patient.t1dpatient - INFO - t = 3586.0, Patient finishes eating!
2023-04-26 09:29:31,247 - simglucose.patient.t1dpatient - INFO - t = 3789.0, patient starts eating ...
2023-04-26 09:29:31,341 - simglucose.patient.t1dpatient - INFO - t = 3792.0, Patient finishes eating!
2023-04-26 09:29:32,212 - simglucose.patient.t1dpatient - INFO - t = 3998.0, patient starts eating ...
2023-04-26 09:29:32,699 - simglucose.patient.t1dpatient - INFO - t = 4051.0, Patient finishes eating!
2023-04-26 09:30:36,668 - simglucose.patient.t1dpatient - INFO - t = 424.0, patient starts eating ...
2023-04-26 09:30:36,926 - simglucose.patient.t1dpatient - INFO - t = 440.0, Patient finishes eating!
2023-04-26 09:30:37,882 - simglucose.patient.t1dpatient - INFO - t = 655.0, patient starts eating ...
2023-04-26 09:30:37,999 - simglucose.patient.t1dpatient - INFO - t = 660.0, Patient finishes eating!
2023-04-26 09:30:38,564 - simglucose.patient.t1dpatient - INFO - t = 776.0, patient starts eating ...
2023-04-26 09:30:38,702 - simglucose.patient.t1dpatient - INFO - t = 784.0, Patient finishes eating!
2023-04-26 09:30:39,856 - simglucose.patient.t1dpatient - INFO - t = 1107.0, patient starts eating ...
2023-04-26 09:30:40,097 - simglucose.patient.t1dpatient - INFO - t = 1119.0, Patient finishes eating!
2023-04-26 09:30:40,579 - simglucose.patient.t1dpatient - INFO - t = 1203.0, patient starts eating ...
2023-04-26 09:30:40,683 - simglucose.patient.t1dpatient - INFO - t = 1208.0, Patient finishes eating!
2023-04-26 09:30:42,884 - simglucose.patient.t1dpatient - INFO - t = 1858.0, patient starts eating ...
2023-04-26 09:30:43,131 - simglucose.patient.t1dpatient - INFO - t = 1873.0, Patient finishes eating!
2023-04-26 09:30:44,063 - simglucose.patient.t1dpatient - INFO - t = 2068.0, patient starts eating ...
2023-04-26 09:30:44,233 - simglucose.patient.t1dpatient - INFO - t = 2076.0, Patient finishes eating!
2023-04-26 09:30:44,818 - simglucose.patient.t1dpatient - INFO - t = 2181.0, patient starts eating ...
2023-04-26 09:30:45,052 - simglucose.patient.t1dpatient - INFO - t = 2194.0, Patient finishes eating!
2023-04-26 09:30:46,241 - simglucose.patient.t1dpatient - INFO - t = 2525.0, patient starts eating ...
2023-04-26 09:30:46,503 - simglucose.patient.t1dpatient - INFO - t = 2545.0, Patient finishes eating!
2023-04-26 09:30:48,894 - simglucose.patient.t1dpatient - INFO - t = 3359.0, patient starts eating ...
2023-04-26 09:30:49,120 - simglucose.patient.t1dpatient - INFO - t = 3375.0, Patient finishes eating!
2023-04-26 09:30:49,471 - simglucose.patient.t1dpatient - INFO - t = 3441.0, patient starts eating ...
2023-04-26 09:30:49,582 - simglucose.patient.t1dpatient - INFO - t = 3448.0, Patient finishes eating!
2023-04-26 09:30:50,244 - simglucose.patient.t1dpatient - INFO - t = 3570.0, patient starts eating ...
2023-04-26 09:30:50,492 - simglucose.patient.t1dpatient - INFO - t = 3586.0, Patient finishes eating!
2023-04-26 09:30:51,446 - simglucose.patient.t1dpatient - INFO - t = 3789.0, patient starts eating ...
2023-04-26 09:30:51,550 - simglucose.patient.t1dpatient - INFO - t = 3792.0, Patient finishes eating!
2023-04-26 09:30:52,532 - simglucose.patient.t1dpatient - INFO - t = 3998.0, patient starts eating ...
2023-04-26 09:30:53,086 - simglucose.patient.t1dpatient - INFO - t = 4051.0, Patient finishes eating!
2023-04-26 09:30:55,637 - simglucose.patient.t1dpatient - INFO - t = 424.0, patient starts eating ...
2023-04-26 09:30:55,901 - simglucose.patient.t1dpatient - INFO - t = 440.0, Patient finishes eating!
2023-04-26 09:30:56,912 - simglucose.patient.t1dpatient - INFO - t = 655.0, patient starts eating ...
2023-04-26 09:30:57,046 - simglucose.patient.t1dpatient - INFO - t = 660.0, Patient finishes eating!
2023-04-26 09:30:57,700 - simglucose.patient.t1dpatient - INFO - t = 776.0, patient starts eating ...
2023-04-26 09:30:57,860 - simglucose.patient.t1dpatient - INFO - t = 784.0, Patient finishes eating!
2023-04-26 09:30:59,180 - simglucose.patient.t1dpatient - INFO - t = 1107.0, patient starts eating ...
2023-04-26 09:30:59,409 - simglucose.patient.t1dpatient - INFO - t = 1119.0, Patient finishes eating!
2023-04-26 09:30:59,909 - simglucose.patient.t1dpatient - INFO - t = 1203.0, patient starts eating ...
2023-04-26 09:31:00,022 - simglucose.patient.t1dpatient - INFO - t = 1208.0, Patient finishes eating!
2023-04-26 09:31:02,296 - simglucose.patient.t1dpatient - INFO - t = 1858.0, patient starts eating ...
2023-04-26 09:31:02,533 - simglucose.patient.t1dpatient - INFO - t = 1873.0, Patient finishes eating!
2023-04-26 09:31:03,348 - simglucose.patient.t1dpatient - INFO - t = 2068.0, patient starts eating ...
2023-04-26 09:31:03,499 - simglucose.patient.t1dpatient - INFO - t = 2076.0, Patient finishes eating!
2023-04-26 09:31:04,013 - simglucose.patient.t1dpatient - INFO - t = 2181.0, patient starts eating ...
2023-04-26 09:31:04,203 - simglucose.patient.t1dpatient - INFO - t = 2194.0, Patient finishes eating!
2023-04-26 09:31:05,384 - simglucose.patient.t1dpatient - INFO - t = 2525.0, patient starts eating ...
2023-04-26 09:31:05,684 - simglucose.patient.t1dpatient - INFO - t = 2545.0, Patient finishes eating!
2023-04-26 09:31:08,300 - simglucose.patient.t1dpatient - INFO - t = 3359.0, patient starts eating ...
2023-04-26 09:31:08,558 - simglucose.patient.t1dpatient - INFO - t = 3375.0, Patient finishes eating!
2023-04-26 09:31:08,953 - simglucose.patient.t1dpatient - INFO - t = 3441.0, patient starts eating ...
2023-04-26 09:31:09,076 - simglucose.patient.t1dpatient - INFO - t = 3448.0, Patient finishes eating!
2023-04-26 09:31:09,748 - simglucose.patient.t1dpatient - INFO - t = 3570.0, patient starts eating ...
2023-04-26 09:31:09,998 - simglucose.patient.t1dpatient - INFO - t = 3586.0, Patient finishes eating!
2023-04-26 09:31:10,981 - simglucose.patient.t1dpatient - INFO - t = 3789.0, patient starts eating ...
2023-04-26 09:31:11,086 - simglucose.patient.t1dpatient - INFO - t = 3792.0, Patient finishes eating!
2023-04-26 09:31:12,049 - simglucose.patient.t1dpatient - INFO - t = 3998.0, patient starts eating ...
2023-04-26 09:31:12,609 - simglucose.patient.t1dpatient - INFO - t = 4051.0, Patient finishes eating!
2023-04-26 09:31:14,985 - simglucose.patient.t1dpatient - INFO - t = 532.0, patient starts eating ...
2023-04-26 09:31:15,220 - simglucose.patient.t1dpatient - INFO - t = 548.0, Patient finishes eating!
2023-04-26 09:31:16,452 - simglucose.patient.t1dpatient - INFO - t = 833.0, patient starts eating ...
2023-04-26 09:31:16,606 - simglucose.patient.t1dpatient - INFO - t = 840.0, Patient finishes eating!
2023-04-26 09:31:17,822 - simglucose.patient.t1dpatient - INFO - t = 1139.0, patient starts eating ...
2023-04-26 09:31:17,988 - simglucose.patient.t1dpatient - INFO - t = 1147.0, Patient finishes eating!
2023-04-26 09:31:52,947 - simglucose.patient.t1dpatient - INFO - t = 424.0, patient starts eating ...
2023-04-26 09:31:53,206 - simglucose.patient.t1dpatient - INFO - t = 440.0, Patient finishes eating!
2023-04-26 09:31:54,250 - simglucose.patient.t1dpatient - INFO - t = 655.0, patient starts eating ...
2023-04-26 09:31:54,380 - simglucose.patient.t1dpatient - INFO - t = 660.0, Patient finishes eating!
2023-04-26 09:31:55,027 - simglucose.patient.t1dpatient - INFO - t = 776.0, patient starts eating ...
2023-04-26 09:31:55,183 - simglucose.patient.t1dpatient - INFO - t = 784.0, Patient finishes eating!
2023-04-26 09:31:58,401 - simglucose.patient.t1dpatient - INFO - t = 424.0, patient starts eating ...
2023-04-26 09:31:58,657 - simglucose.patient.t1dpatient - INFO - t = 440.0, Patient finishes eating!
2023-04-26 09:31:59,647 - simglucose.patient.t1dpatient - INFO - t = 655.0, patient starts eating ...
2023-04-26 09:31:59,776 - simglucose.patient.t1dpatient - INFO - t = 660.0, Patient finishes eating!
2023-04-26 09:32:00,420 - simglucose.patient.t1dpatient - INFO - t = 776.0, patient starts eating ...
2023-04-26 09:32:00,575 - simglucose.patient.t1dpatient - INFO - t = 784.0, Patient finishes eating!
2023-04-26 09:32:01,909 - simglucose.patient.t1dpatient - INFO - t = 1107.0, patient starts eating ...
2023-04-26 09:32:02,155 - simglucose.patient.t1dpatient - INFO - t = 1119.0, Patient finishes eating!
2023-04-26 09:32:02,639 - simglucose.patient.t1dpatient - INFO - t = 1203.0, patient starts eating ...
2023-04-26 09:32:02,745 - simglucose.patient.t1dpatient - INFO - t = 1208.0, Patient finishes eating!
2023-04-26 09:32:04,941 - simglucose.patient.t1dpatient - INFO - t = 1858.0, patient starts eating ...
2023-04-26 09:32:05,188 - simglucose.patient.t1dpatient - INFO - t = 1873.0, Patient finishes eating!
2023-04-26 09:32:06,117 - simglucose.patient.t1dpatient - INFO - t = 2068.0, patient starts eating ...
2023-04-26 09:32:06,286 - simglucose.patient.t1dpatient - INFO - t = 2076.0, Patient finishes eating!
2023-04-26 09:32:06,872 - simglucose.patient.t1dpatient - INFO - t = 2181.0, patient starts eating ...
2023-04-26 09:32:07,100 - simglucose.patient.t1dpatient - INFO - t = 2194.0, Patient finishes eating!
2023-04-26 09:32:08,411 - simglucose.patient.t1dpatient - INFO - t = 2525.0, patient starts eating ...
2023-04-26 09:32:08,708 - simglucose.patient.t1dpatient - INFO - t = 2545.0, Patient finishes eating!
2023-04-26 09:32:11,346 - simglucose.patient.t1dpatient - INFO - t = 3359.0, patient starts eating ...
2023-04-26 09:32:11,603 - simglucose.patient.t1dpatient - INFO - t = 3375.0, Patient finishes eating!
2023-04-26 09:32:12,006 - simglucose.patient.t1dpatient - INFO - t = 3441.0, patient starts eating ...
2023-04-26 09:32:12,132 - simglucose.patient.t1dpatient - INFO - t = 3448.0, Patient finishes eating!
2023-04-26 09:32:12,810 - simglucose.patient.t1dpatient - INFO - t = 3570.0, patient starts eating ...
2023-04-26 09:32:13,063 - simglucose.patient.t1dpatient - INFO - t = 3586.0, Patient finishes eating!
2023-04-26 09:32:14,021 - simglucose.patient.t1dpatient - INFO - t = 3789.0, patient starts eating ...
2023-04-26 09:32:14,126 - simglucose.patient.t1dpatient - INFO - t = 3792.0, Patient finishes eating!
2023-04-26 09:32:15,098 - simglucose.patient.t1dpatient - INFO - t = 3998.0, patient starts eating ...
2023-04-26 09:32:15,654 - simglucose.patient.t1dpatient - INFO - t = 4051.0, Patient finishes eating!
2023-04-26 09:32:17,939 - simglucose.patient.t1dpatient - INFO - t = 532.0, patient starts eating ...
2023-04-26 09:32:18,165 - simglucose.patient.t1dpatient - INFO - t = 548.0, Patient finishes eating!
2023-04-26 09:32:54,084 - simglucose.patient.t1dpatient - INFO - t = 424.0, patient starts eating ...
2023-04-26 09:32:54,333 - simglucose.patient.t1dpatient - INFO - t = 440.0, Patient finishes eating!
2023-04-26 09:32:55,301 - simglucose.patient.t1dpatient - INFO - t = 655.0, patient starts eating ...
2023-04-26 09:32:55,418 - simglucose.patient.t1dpatient - INFO - t = 660.0, Patient finishes eating!
2023-04-26 09:32:55,989 - simglucose.patient.t1dpatient - INFO - t = 776.0, patient starts eating ...
2023-04-26 09:32:56,125 - simglucose.patient.t1dpatient - INFO - t = 784.0, Patient finishes eating!
2023-04-26 09:32:57,313 - simglucose.patient.t1dpatient - INFO - t = 1107.0, patient starts eating ...
2023-04-26 09:32:57,506 - simglucose.patient.t1dpatient - INFO - t = 1119.0, Patient finishes eating!
2023-04-26 09:32:57,939 - simglucose.patient.t1dpatient - INFO - t = 1203.0, patient starts eating ...
2023-04-26 09:32:58,034 - simglucose.patient.t1dpatient - INFO - t = 1208.0, Patient finishes eating!
2023-04-26 09:32:59,991 - simglucose.patient.t1dpatient - INFO - t = 1858.0, patient starts eating ...
2023-04-26 09:33:00,231 - simglucose.patient.t1dpatient - INFO - t = 1873.0, Patient finishes eating!
2023-04-26 09:33:01,057 - simglucose.patient.t1dpatient - INFO - t = 2068.0, patient starts eating ...
2023-04-26 09:33:01,206 - simglucose.patient.t1dpatient - INFO - t = 2076.0, Patient finishes eating!
2023-04-26 09:33:01,723 - simglucose.patient.t1dpatient - INFO - t = 2181.0, patient starts eating ...
2023-04-26 09:33:01,913 - simglucose.patient.t1dpatient - INFO - t = 2194.0, Patient finishes eating!
2023-04-26 09:33:03,137 - simglucose.patient.t1dpatient - INFO - t = 2525.0, patient starts eating ...
2023-04-26 09:33:03,425 - simglucose.patient.t1dpatient - INFO - t = 2545.0, Patient finishes eating!
2023-04-26 09:33:06,381 - simglucose.patient.t1dpatient - INFO - t = 3359.0, patient starts eating ...
2023-04-26 09:33:06,675 - simglucose.patient.t1dpatient - INFO - t = 3375.0, Patient finishes eating!
2023-04-26 09:33:07,112 - simglucose.patient.t1dpatient - INFO - t = 3441.0, patient starts eating ...
2023-04-26 09:33:07,252 - simglucose.patient.t1dpatient - INFO - t = 3448.0, Patient finishes eating!
2023-04-26 09:33:08,007 - simglucose.patient.t1dpatient - INFO - t = 3570.0, patient starts eating ...
2023-04-26 09:33:08,344 - simglucose.patient.t1dpatient - INFO - t = 3586.0, Patient finishes eating!
2023-04-26 09:33:09,326 - simglucose.patient.t1dpatient - INFO - t = 3789.0, patient starts eating ...
2023-04-26 09:33:09,426 - simglucose.patient.t1dpatient - INFO - t = 3792.0, Patient finishes eating!
2023-04-26 09:33:10,487 - simglucose.patient.t1dpatient - INFO - t = 3998.0, patient starts eating ...
2023-04-26 09:33:11,081 - simglucose.patient.t1dpatient - INFO - t = 4051.0, Patient finishes eating!
2023-04-26 09:33:13,758 - simglucose.patient.t1dpatient - INFO - t = 424.0, patient starts eating ...
2023-04-26 09:33:13,985 - simglucose.patient.t1dpatient - INFO - t = 440.0, Patient finishes eating!
2023-04-26 09:33:14,882 - simglucose.patient.t1dpatient - INFO - t = 655.0, patient starts eating ...
2023-04-26 09:33:15,000 - simglucose.patient.t1dpatient - INFO - t = 660.0, Patient finishes eating!
2023-04-26 09:33:15,581 - simglucose.patient.t1dpatient - INFO - t = 776.0, patient starts eating ...
2023-04-26 09:33:15,730 - simglucose.patient.t1dpatient - INFO - t = 784.0, Patient finishes eating!
2023-04-26 09:33:16,960 - simglucose.patient.t1dpatient - INFO - t = 1107.0, patient starts eating ...
2023-04-26 09:33:17,162 - simglucose.patient.t1dpatient - INFO - t = 1119.0, Patient finishes eating!
2023-04-26 09:33:17,683 - simglucose.patient.t1dpatient - INFO - t = 1203.0, patient starts eating ...
2023-04-26 09:33:17,799 - simglucose.patient.t1dpatient - INFO - t = 1208.0, Patient finishes eating!
2023-04-26 09:33:20,059 - simglucose.patient.t1dpatient - INFO - t = 1858.0, patient starts eating ...
2023-04-26 09:33:20,279 - simglucose.patient.t1dpatient - INFO - t = 1873.0, Patient finishes eating!
2023-04-26 09:33:21,143 - simglucose.patient.t1dpatient - INFO - t = 2068.0, patient starts eating ...
2023-04-26 09:33:21,290 - simglucose.patient.t1dpatient - INFO - t = 2076.0, Patient finishes eating!
2023-04-26 09:33:21,809 - simglucose.patient.t1dpatient - INFO - t = 2181.0, patient starts eating ...
2023-04-26 09:33:22,007 - simglucose.patient.t1dpatient - INFO - t = 2194.0, Patient finishes eating!
2023-04-26 09:33:23,340 - simglucose.patient.t1dpatient - INFO - t = 2525.0, patient starts eating ...
2023-04-26 09:33:23,631 - simglucose.patient.t1dpatient - INFO - t = 2545.0, Patient finishes eating!
2023-04-26 09:33:26,219 - simglucose.patient.t1dpatient - INFO - t = 3359.0, patient starts eating ...
2023-04-26 09:33:26,482 - simglucose.patient.t1dpatient - INFO - t = 3375.0, Patient finishes eating!
2023-04-26 09:33:26,890 - simglucose.patient.t1dpatient - INFO - t = 3441.0, patient starts eating ...
2023-04-26 09:33:27,013 - simglucose.patient.t1dpatient - INFO - t = 3448.0, Patient finishes eating!
2023-04-26 09:33:27,674 - simglucose.patient.t1dpatient - INFO - t = 3570.0, patient starts eating ...
2023-04-26 09:33:27,926 - simglucose.patient.t1dpatient - INFO - t = 3586.0, Patient finishes eating!
2023-04-26 09:33:28,864 - simglucose.patient.t1dpatient - INFO - t = 3789.0, patient starts eating ...
2023-04-26 09:33:28,994 - simglucose.patient.t1dpatient - INFO - t = 3792.0, Patient finishes eating!
2023-04-26 09:33:29,866 - simglucose.patient.t1dpatient - INFO - t = 3998.0, patient starts eating ...
2023-04-26 09:33:30,357 - simglucose.patient.t1dpatient - INFO - t = 4051.0, Patient finishes eating!
2023-04-26 09:33:32,674 - simglucose.patient.t1dpatient - INFO - t = 532.0, patient starts eating ...
2023-04-26 09:33:32,902 - simglucose.patient.t1dpatient - INFO - t = 548.0, Patient finishes eating!
2023-04-26 09:33:33,973 - simglucose.patient.t1dpatient - INFO - t = 833.0, patient starts eating ...
2023-04-26 09:33:34,148 - simglucose.patient.t1dpatient - INFO - t = 840.0, Patient finishes eating!
2023-04-26 09:33:35,224 - simglucose.patient.t1dpatient - INFO - t = 1139.0, patient starts eating ...
2023-04-26 09:33:35,374 - simglucose.patient.t1dpatient - INFO - t = 1147.0, Patient finishes eating!
2023-04-26 09:33:36,564 - pyswarms.single.global_best - INFO - Optimize for 500 iters with {'c1': 0.5, 'c2': 0.3, 'w': 0.9}
2023-04-26 09:33:38,175 - pyswarms.single.global_best - INFO - Optimization finished | best cost: 10000000000.0, best pos: [0.60652332 0.46172962 0.99328005 0.2704165  0.83948332 0.66119045
 0.49013744 0.25223365 0.49927628 0.36746039]
2023-04-26 09:33:39,273 - simglucose.patient.t1dpatient - INFO - t = 424.0, patient starts eating ...
2023-04-26 09:33:39,525 - simglucose.patient.t1dpatient - INFO - t = 440.0, Patient finishes eating!
2023-04-26 09:33:40,392 - simglucose.patient.t1dpatient - INFO - t = 655.0, patient starts eating ...
2023-04-26 09:33:40,512 - simglucose.patient.t1dpatient - INFO - t = 660.0, Patient finishes eating!
2023-04-26 09:33:41,272 - simglucose.patient.t1dpatient - INFO - t = 776.0, patient starts eating ...
2023-04-26 09:33:41,427 - simglucose.patient.t1dpatient - INFO - t = 784.0, Patient finishes eating!
2023-04-26 09:33:42,589 - simglucose.patient.t1dpatient - INFO - t = 1107.0, patient starts eating ...
2023-04-26 09:33:42,795 - simglucose.patient.t1dpatient - INFO - t = 1119.0, Patient finishes eating!
2023-04-26 09:33:43,294 - simglucose.patient.t1dpatient - INFO - t = 1203.0, patient starts eating ...
2023-04-26 09:33:43,417 - simglucose.patient.t1dpatient - INFO - t = 1208.0, Patient finishes eating!
2023-04-26 09:33:45,331 - simglucose.patient.t1dpatient - INFO - t = 1858.0, patient starts eating ...
2023-04-26 09:34:42,120 - pyswarms.single.global_best - INFO - Optimize for 500 iters with {'c1': 0.5, 'c2': 0.3, 'w': 0.9}
2023-04-26 09:34:43,898 - pyswarms.single.global_best - INFO - Optimization finished | best cost: 10000000000.0, best pos: [0.04615894 0.73581107 0.26919106 0.44216421 0.64460486 0.82340343
 0.63735275 0.25958016 0.47121787 0.12418257]
2023-04-26 09:38:29,854 - pyswarms.single.global_best - INFO - Optimize for 500 iters with {'c1': 0.5, 'c2': 0.3, 'w': 0.9}
2023-04-26 09:38:31,538 - pyswarms.single.global_best - INFO - Optimization finished | best cost: 10000000000.0, best pos: [0.70726106 0.53537336 0.71454723 0.59601693 0.76215758 0.69882505
 0.91498929 0.86609598 0.36821687 0.65231662]
2023-04-26 09:42:44,414 - matplotlib.legend - WARNING - No artists with labels found to put in legend.  Note that artists whose label start with an underscore are ignored when legend() is called with no argument.
2023-04-26 09:43:26,330 - pyswarms.single.global_best - INFO - Optimize for 500 iters with {'c1': 0.5, 'c2': 0.3, 'w': 0.9}
2023-04-26 09:43:28,185 - pyswarms.single.global_best - INFO - Optimization finished | best cost: 10000000000.0, best pos: [0.18917756 0.07238061 0.26995259 0.3627888  0.25279627 0.009937
 0.38692603 0.61241419 0.82391198 0.0999459 ]
2023-04-26 09:44:38,763 - pyswarms.single.global_best - INFO - Optimize for 500 iters with {'c1': 0.5, 'c2': 0.3, 'w': 0.9}
2023-04-26 09:44:40,406 - pyswarms.single.global_best - INFO - Optimization finished | best cost: 10000000000.0, best pos: [1.83052099e-02 1.46033393e-01 4.22456062e-01 1.16155670e+00
 2.11957978e-02 8.53269653e-04 1.20592634e-01 2.34456336e-02
 5.72545061e-01 3.08794293e-02]
2023-04-26 09:46:08,812 - pyswarms.single.global_best - INFO - Optimize for 500 iters with {'c1': 0.5, 'c2': 0.3, 'w': 0.9}
2023-04-26 09:46:10,454 - pyswarms.single.global_best - INFO - Optimization finished | best cost: 10000000000.0, best pos: [1.83722798e-02 3.03425593e-01 2.49784825e-01 6.50286104e+00
 1.31413897e-02 1.81406618e-04 1.39756034e-01 3.36577755e-02
 1.97052818e-01 3.16190193e-02]
2023-04-26 09:48:05,111 - pyswarms.single.global_best - INFO - Optimize for 500 iters with {'c1': 0.5, 'c2': 0.3, 'w': 0.9}
2023-04-26 09:48:06,818 - pyswarms.single.global_best - INFO - Optimization finished | best cost: 10000000000.0, best pos: [1.78468922e-01 2.34452724e+00 1.92296434e+00 8.09536980e+01
 7.24997954e-02 2.25274675e-02 9.32353954e-01 9.37918380e-02
 3.89445079e+00 1.92956951e-01]
2023-04-26 09:48:58,668 - pyswarms.single.global_best - INFO - Optimize for 500 iters with {'c1': 0.5, 'c2': 0.3, 'w': 0.9}
2023-04-26 09:49:25,202 - pyswarms.single.global_best - INFO - Optimize for 500 iters with {'c1': 0.5, 'c2': 0.3, 'w': 0.9}
2023-04-26 09:49:35,635 - pyswarms.single.global_best - INFO - Optimize for 500 iters with {'c1': 0.5, 'c2': 0.3, 'w': 0.9}
2023-04-26 09:49:42,387 - pyswarms.single.global_best - INFO - Optimize for 500 iters with {'c1': 0.5, 'c2': 0.3, 'w': 0.9}
2023-04-26 09:49:51,541 - pyswarms.single.global_best - INFO - Optimize for 500 iters with {'c1': 0.5, 'c2': 0.3, 'w': 0.9}
2023-04-26 09:50:42,853 - pyswarms.single.global_best - INFO - Optimize for 500 iters with {'c1': 0.5, 'c2': 0.3, 'w': 0.9}
2023-04-26 09:51:48,051 - pyswarms.single.global_best - INFO - Optimize for 500 iters with {'c1': 0.5, 'c2': 0.3, 'w': 0.9}
2023-04-26 09:51:49,740 - pyswarms.single.global_best - INFO - Optimization finished | best cost: 10000000000.0, best pos: [0.91280047 0.58313252 0.93152147 0.82788058 0.69289455 0.39334807
 0.23130896 0.51862918 0.29716673 0.37285682]
